{
  "stats": {
    "suites": 1,
    "tests": 2,
    "passes": 2,
    "pending": 0,
    "failures": 0,
    "start": "2020-12-14T15:48:50.336Z",
    "end": "2020-12-14T15:48:50.920Z",
    "duration": 584,
    "testsRegistered": 2,
    "passPercent": 100,
    "pendingPercent": 0,
    "other": 0,
    "hasOther": false,
    "skipped": 0,
    "hasSkipped": false
  },
  "results": [
    {
      "uuid": "0811b401-716f-444d-9034-feaba5d93fb8",
      "title": "",
      "fullFile": "cypress/integration/counter.spec.js",
      "file": "cypress/integration/counter.spec.js",
      "beforeHooks": [],
      "afterHooks": [],
      "tests": [],
      "suites": [
        {
          "uuid": "cf70ead2-6c6a-4439-a614-686d8edd3727",
          "title": "Counter app tests",
          "fullFile": "",
          "file": "",
          "beforeHooks": [],
          "afterHooks": [],
          "tests": [
            {
              "title": "should test counter app decrement functionality",
              "fullTitle": "Counter app tests should test counter app decrement functionality",
              "timedOut": null,
              "duration": 298,
              "state": "passed",
              "speed": "slow",
              "pass": true,
              "fail": false,
              "pending": false,
              "context": null,
              "code": "cy.get(\"#decrementButton\").click();\ncy.get(\"#count\").should(\"contain\", \"-1\");\ncy.get(\"#decrementButton\").click();\ncy.get(\"#count\").should(\"contain\", \"-2\");",
              "err": {},
              "uuid": "d89c2a47-4f75-47dc-aea5-36ca68077877",
              "parentUUID": "cf70ead2-6c6a-4439-a614-686d8edd3727",
              "isHook": false,
              "skipped": false
            },
            {
              "title": "should test counter app increment functionality",
              "fullTitle": "Counter app tests should test counter app increment functionality",
              "timedOut": null,
              "duration": 248,
              "state": "passed",
              "speed": "slow",
              "pass": true,
              "fail": false,
              "pending": false,
              "context": null,
              "code": "cy.get(\"#incrementButton\").click();\ncy.get(\"#count\").should(\"contain\", \"1\");\ncy.get(\"#incrementButton\").click();\ncy.get(\"#count\").should(\"contain\", \"2\");",
              "err": {},
              "uuid": "b7c62d0f-9771-4a68-bee0-25f7bc959b6c",
              "parentUUID": "cf70ead2-6c6a-4439-a614-686d8edd3727",
              "isHook": false,
              "skipped": false
            }
          ],
          "suites": [],
          "passes": [
            "d89c2a47-4f75-47dc-aea5-36ca68077877",
            "b7c62d0f-9771-4a68-bee0-25f7bc959b6c"
          ],
          "failures": [],
          "pending": [],
          "skipped": [],
          "duration": 546,
          "root": false,
          "rootEmpty": false,
          "_timeout": 2000
        }
      ],
      "passes": [],
      "failures": [],
      "pending": [],
      "skipped": [],
      "duration": 0,
      "root": true,
      "rootEmpty": true,
      "_timeout": 2000
    }
  ],
  "meta": {
    "mocha": {
      "version": "7.0.1"
    },
    "mochawesome": {
      "options": {
        "quiet": false,
        "reportFilename": "mochawesome",
        "saveHtml": false,
        "saveJson": true,
        "consoleReporter": "spec",
        "useInlineDiffs": false,
        "code": true
      },
      "version": "6.2.1"
    },
    "marge": {
      "options": {
        "reportDir": "results",
        "overwrite": true,
        "html": false,
        "json": true
      },
      "version": "5.1.0"
    }
  }
}